<?xml version="1.0" encoding="UTF-8"?>
<robot generator="Robot 7.0.1 (Python 3.12.3 on win32)" generated="2024-07-18T17:02:06.275292" rpa="false" schemaversion="5">
<suite id="s1" name="Tests" source="C:\Users\rodri\Documents\Formation\Test_Extraction\tests">
<suite id="s1-s1" name="Test Suite" source="C:\Users\rodri\Documents\Formation\Test_Extraction\tests\test_suite.robot">
<test id="s1-s1-t1" name="Test Launch Application" line="9">
<kw name="Start Application" owner="keywords">
<kw name="Run Process">
<msg time="2024-07-18T17:02:06.340581" level="FAIL">No keyword with name 'Run Process' found. Did you try using keyword 'OperatingSystem.Run' and forgot to use enough whitespace between keyword and arguments?</msg>
<arg>python</arg>
<arg>${APP_PATH}</arg>
<status status="FAIL" start="2024-07-18T17:02:06.340581" elapsed="0.000000">No keyword with name 'Run Process' found. Did you try using keyword 'OperatingSystem.Run' and forgot to use enough whitespace between keyword and arguments?</status>
</kw>
<kw name="Process Should Be Running">
<arg>python</arg>
<status status="NOT RUN" start="2024-07-18T17:02:06.341189" elapsed="0.000000"/>
</kw>
<status status="FAIL" start="2024-07-18T17:02:06.335562" elapsed="0.005627">No keyword with name 'Run Process' found. Did you try using keyword 'OperatingSystem.Run' and forgot to use enough whitespace between keyword and arguments?</status>
</kw>
<doc>Teste le lancement de l'application</doc>
<tag>Smoke</tag>
<status status="FAIL" start="2024-07-18T17:02:06.335562" elapsed="0.005627">No keyword with name 'Run Process' found. Did you try using keyword 'OperatingSystem.Run' and forgot to use enough whitespace between keyword and arguments?</status>
</test>
<test id="s1-s1-t2" name="Test Application Functionality" line="14">
<doc>Teste une fonctionnalité de l'application</doc>
<tag>Functional</tag>
<status status="FAIL" start="2024-07-18T17:02:06.345793" elapsed="0.000000">Test cannot be empty.</status>
</test>
<status status="FAIL" start="2024-07-18T17:02:06.325560" elapsed="0.025296"/>
</suite>
<status status="FAIL" start="2024-07-18T17:02:06.280299" elapsed="0.070557"/>
</suite>
<statistics>
<total>
<stat pass="0" fail="2" skip="0">All Tests</stat>
</total>
<tag>
<stat pass="0" fail="1" skip="0">Functional</stat>
<stat pass="0" fail="1" skip="0">Smoke</stat>
</tag>
<suite>
<stat pass="0" fail="2" skip="0" id="s1" name="Tests">Tests</stat>
<stat pass="0" fail="2" skip="0" id="s1-s1" name="Test Suite">Tests.Test Suite</stat>
</suite>
</statistics>
<errors>
</errors>
</robot>
